<?xml version="1.0" encoding="UTF-8"?>
<!-- Generated by org.testng.reporters.JUnitReportReporter -->
<testsuite skipped="0" hostname="Anil" name="com.testautomation.tests.TestNGTest1" tests="1" failures="0" timestamp="17 Mar 2020 17:08:20 GMT" time="1.117" errors="0">
  <testcase name="testSecond" time="1.117" classname="com.testautomation.tests.TestNGTest1"/>
</testsuite> <!-- com.testautomation.tests.TestNGTest1 -->
